生成启动时间为 2014/10/11 18:06:37。
     1>项目“D:\gitforlab\ContentMatch\ContentMatch\ContentMatch.vcxproj”在节点 2 上(build 个目标)。
     1>PrepareForBuild:
         正在创建目录“D:\gitforlab\ContentMatch\Debug\”。
       InitializeBuildStatus:
         正在创建“Debug\ContentMatch.unsuccessfulbuild”，因为已指定“AlwaysCreate”。
       ClCompile:
         d:\Program Files (x86)\Microsoft Visual Studio 10.0\VC\bin\CL.exe /c /ZI /nologo /W3 /WX- /Od /Oy- /D _MBCS /Gm /EHsc /RTC1 /MDd /GS /fp:precise /Zc:wchar_t /Zc:forScope /Fo"Debug\\" /Fd"Debug\vc100.pdb" /Gd /TP /analyze- /errorReport:prompt main.cpp src\ArticleAnalyze.cpp src\CompareArticles.cpp src\ModifyResult.cpp
         ModifyResult.cpp
     1>d:\gitforlab\contentmatch\contentmatch\src\articleanalyze.h : warning C4819: 该文件包含不能在当前代码页(936)中表示的字符。请将该文件保存为 Unicode 格式以防止数据丢失
         CompareArticles.cpp
     1>d:\gitforlab\contentmatch\contentmatch\src\articleanalyze.h : warning C4819: 该文件包含不能在当前代码页(936)中表示的字符。请将该文件保存为 Unicode 格式以防止数据丢失
     1>d:\gitforlab\contentmatch\contentmatch\src\articleanalyze.h : warning C4819: 该文件包含不能在当前代码页(936)中表示的字符。请将该文件保存为 Unicode 格式以防止数据丢失
     1>d:\gitforlab\contentmatch\contentmatch\src\comparearticles.cpp(19): warning C4018: “<”: 有符号/无符号不匹配
     1>d:\gitforlab\contentmatch\contentmatch\src\comparearticles.cpp(23): warning C4018: “<”: 有符号/无符号不匹配
     1>d:\gitforlab\contentmatch\contentmatch\src\comparearticles.cpp(68): warning C4018: “<”: 有符号/无符号不匹配
     1>d:\gitforlab\contentmatch\contentmatch\src\comparearticles.cpp(10): warning C4101: “BIter”: 未引用的局部变量
     1>d:\gitforlab\contentmatch\contentmatch\src\comparearticles.cpp(93): warning C4018: “<”: 有符号/无符号不匹配
         ArticleAnalyze.cpp
     1>d:\gitforlab\contentmatch\contentmatch\src\articleanalyze.h : warning C4819: 该文件包含不能在当前代码页(936)中表示的字符。请将该文件保存为 Unicode 格式以防止数据丢失
         main.cpp
         正在生成代码...
     1>d:\gitforlab\contentmatch\contentmatch\main.cpp(16): warning C4700: 使用了未初始化的局部变量“handle”
       Link:
         d:\Program Files (x86)\Microsoft Visual Studio 10.0\VC\bin\link.exe /ERRORREPORT:PROMPT /OUT:"D:\gitforlab\ContentMatch\Debug\ContentMatch.exe" /NOLOGO kernel32.lib user32.lib gdi32.lib winspool.lib comdlg32.lib advapi32.lib shell32.lib ole32.lib oleaut32.lib uuid.lib odbc32.lib odbccp32.lib /MANIFEST /ManifestFile:"Debug\ContentMatch.exe.intermediate.manifest" /MANIFESTUAC:"level='asInvoker' uiAccess='false'" /DEBUG /PDB:"D:\gitforlab\ContentMatch\Debug\ContentMatch.pdb" /TLBID:1 /DYNAMICBASE /NXCOMPAT /IMPLIB:"D:\gitforlab\ContentMatch\Debug\ContentMatch.lib" /MACHINE:X86 Debug\main.obj
         Debug\ArticleAnalyze.obj
         Debug\CompareArticles.obj
         Debug\ModifyResult.obj
     1>main.obj : error LNK2019: 无法解析的外部符号 "int __cdecl SH_Exit(void *)" (?SH_Exit@@YAHPAX@Z)，该符号在函数 _main 中被引用
     1>C:\Program Files (x86)\MSBuild\Microsoft.Cpp\v4.0\Platforms\Win32\Microsoft.Cpp.Win32.Targets(268,5): error MSB6006: “link.exe”已退出，代码为 1120。
     1>main.obj : error LNK2019: 无法解析的外部符号 "int __cdecl SH_Get(void *,class std::basic_string<char,struct std::char_traits<char>,class std::allocator<char> > const &,unsigned __int64 &)" (?SH_Get@@YAHPAXABV?$basic_string@DU?$char_traits@D@std@@V?$allocator@D@2@@std@@AA_K@Z)，该符号在函数 _main 中被引用
     1>main.obj : error LNK2019: 无法解析的外部符号 "int __cdecl SH_Init(char const *,void * *)" (?SH_Init@@YAHPBDPAPAX@Z)，该符号在函数 _main 中被引用
     1>D:\gitforlab\ContentMatch\Debug\ContentMatch.exe : fatal error LNK1120: 3 个无法解析的外部命令
     1>已完成生成项目“D:\gitforlab\ContentMatch\ContentMatch\ContentMatch.vcxproj”(build 个目标)的操作 - 失败。

生成失败。

已用时间 00:00:05.51
